<?xml version="1.0" encoding="utf-8"?>
<TestRun id="ea5bb424-95f2-4af0-b6e5-76d478fc3499" name="@Deniss-Macintosh 2026-04-12 19:51:47" xmlns="http://microsoft.com/schemas/VisualStudio/TeamTest/2010">
  <Times creation="2026-04-12T19:51:47.2423440+03:00" queuing="2026-04-12T19:51:47.2423440+03:00" start="2026-04-12T19:51:47.0245460+03:00" finish="2026-04-12T19:51:47.2428990+03:00" />
  <TestSettings name="default" id="54e65eea-b6ff-40b2-9bcf-16778e3b80fd">
    <Deployment runDeploymentRoot="_Deniss-Macintosh_2026-04-12_19_51_47" />
  </TestSettings>
  <TestLists>
    <TestList name="Results Not in a List" id="8c84fa94-04c1-424b-9868-57a2d4851a1d" />
    <TestList name="All Loaded Results" id="19431567-8539-422a-85d7-44ee4e166bda" />
  </TestLists>
  <ResultSummary outcome="Failed">
    <Counters total="0" executed="0" passed="0" failed="0" error="0" timeout="0" aborted="0" inconclusive="0" passedButRunAborted="0" notRunnable="0" notExecuted="0" disconnected="0" warning="0" completed="0" inProgress="0" pending="0" />
    <Output>
      <StdOut>A fatal error was encountered. The library 'libhostpolicy.dylib' required to execute the application was not found in '/Users/denistabutov/Console/ARPlatformer/Temp/bin/Debug/'.
Failed to run as a self-contained app.
  - The application was run as a self-contained app because '/Users/denistabutov/Console/ARPlatformer/Temp/bin/Debug/ARPlatformer.Tests.Editor.runtimeconfig.json' did not specify a framework.
  - If this should be a framework-dependent app, specify the appropriate framework in '/Users/denistabutov/Console/ARPlatformer/Temp/bin/Debug/ARPlatformer.Tests.Editor.runtimeconfig.json'.
</StdOut>
    </Output>
    <RunInfos>
      <RunInfo computerName="Deniss-Macintosh" outcome="Error" timestamp="2026-04-12T19:51:47.2196180+03:00">
        <Text>Testhost process for source(s) '/Users/denistabutov/Console/ARPlatformer/Temp/bin/Debug/ARPlatformer.Tests.Editor.dll' exited with error: A fatal error was encountered. The library 'libhostpolicy.dylib' required to execute the application was not found in '/Users/denistabutov/Console/ARPlatformer/Temp/bin/Debug/'.
Failed to run as a self-contained app.
  - The application was run as a self-contained app because '/Users/denistabutov/Console/ARPlatformer/Temp/bin/Debug/ARPlatformer.Tests.Editor.runtimeconfig.json' did not specify a framework.
  - If this should be a framework-dependent app, specify the appropriate framework in '/Users/denistabutov/Console/ARPlatformer/Temp/bin/Debug/ARPlatformer.Tests.Editor.runtimeconfig.json'.
. Please check the diagnostic logs for more information.</Text>
      </RunInfo>
    </RunInfos>
  </ResultSummary>
</TestRun>